<?xml version="1.0" encoding="UTF-8"?>
<!-- Generated by org.testng.reporters.JUnitReportReporter -->
<testsuite hostname="KARTHIKEYAN" failures="0" tests="3" name="Beseantechnologies.Project.test" time="0.125" errors="0" timestamp="2022-06-29T09:13:28 IST" skipped="0">
  <testcase classname="Beseantechnologies.Project.test" name="computer" time="0.082"/>
  <system-out/>
  <testcase classname="Beseantechnologies.Project.test" name="age" time="0.003"/>
  <system-out/>
  <testcase classname="Beseantechnologies.Project.test" name="book" time="0.040"/>
  <system-out/>
</testsuite> <!-- Beseantechnologies.Project.test -->
