<?xml version="1.0" encoding="UTF-8"?>
<!-- Generated by org.testng.reporters.JUnitReportReporter -->
<testsuite hostname="KARTHIKEYAN" failures="0" tests="6" name="Beseantechnologies.Project.invocationcount" time="0.073" errors="0" timestamp="2022-06-27T09:09:56 IST" skipped="0">
  <testcase classname="Beseantechnologies.Project.invocationcount" name="book" time="0.013"/>
  <system-out/>
  <testcase classname="Beseantechnologies.Project.invocationcount" name="age" time="0.033"/>
  <system-out/>
  <testcase classname="Beseantechnologies.Project.invocationcount" name="age" time="0.010"/>
  <system-out/>
  <testcase classname="Beseantechnologies.Project.invocationcount" name="book" time="0.005"/>
  <system-out/>
  <testcase classname="Beseantechnologies.Project.invocationcount" name="computer" time="0.006"/>
  <system-out/>
  <testcase classname="Beseantechnologies.Project.invocationcount" name="book" time="0.006"/>
  <system-out/>
</testsuite> <!-- Beseantechnologies.Project.invocationcount -->
