<?xml version="1.0" encoding="UTF-8"?>
<!-- Generated by org.testng.reporters.JUnitReportReporter -->
<testsuite hostname="KARTHIKEYAN" failures="0" tests="3" name="Beseantechnologies.Project.TestNG2$invocationcount" time="0.087" errors="0" timestamp="2022-06-30T09:13:52 IST" skipped="0">
  <testcase classname="Beseantechnologies.Project.TestNG2$invocationcount" name="book" time="0.013"/>
  <system-out/>
  <testcase classname="Beseantechnologies.Project.TestNG2$invocationcount" name="computer" time="0.006"/>
  <system-out/>
  <testcase classname="Beseantechnologies.Project.TestNG2$invocationcount" name="age" time="0.068"/>
  <system-out/>
</testsuite> <!-- Beseantechnologies.Project.TestNG2$invocationcount -->
